# JRE version: Java(TM) SE Runtime Environment (21.0.5+9) (build 21.0.5+9-LTS-239)
# Java VM: Java HotSpot(TM) 64-Bit Server VM (21.0.5+9-LTS-239, mixed mode, sharing, tiered, compressed oops, compressed class ptrs, g1 gc, windows-amd64)
GC Precious Log:
 CardTable entry size: 512
 Card Set container configuration: InlinePtr #cards 4 size 8 Array Of Cards #cards 32 size 80 Howl #buckets 8 coarsen threshold 7372 Howl Bitmap #cards 1024 size 144 coarsen threshold 921 Card regions per heap region 1 cards per card region 8192
 CPUs: 12 total, 12 available
 Memory: 32679M
 Large Page Support: Disabled
 NUMA Support: Disabled
 Compressed Oops: Enabled (Zero based)
 Heap Region Size: 4M
 Heap Min Capacity: 8M
 Heap Initial Capacity: 512M
 Heap Max Capacity: 8172M
 Pre-touch: Disabled
 Parallel Workers: 10
 Concurrent Workers: 3
 Concurrent Refinement Workers: 10
 Periodic GC: Disabled
Heap:
 garbage-first heap   total 933888K, used 238837K [0x0000000601400000, 0x0000000800000000)
  region size 4096K, 59 young (241664K), 1 survivors (4096K)
 Metaspace       used 11218K, committed 11456K, reserved 1114112K
  class space    used 1281K, committed 1408K, reserved 1048576K
GC Heap History (20 events):
Event: 531.688 GC heap before
{Heap before GC invocations=4499 (full 0):
 garbage-first heap   total 933888K, used 558327K [0x0000000601400000, 0x0000000800000000)
  region size 4096K, 136 young (557056K), 1 survivors (4096K)
 Metaspace       used 11218K, committed 11456K, reserved 1114112K
  class space    used 1281K, committed 1408K, reserved 1048576K
}
Event: 531.688 GC heap after
{Heap after GC invocations=4500 (full 0):
 garbage-first heap   total 933888K, used 5367K [0x0000000601400000, 0x0000000800000000)
  region size 4096K, 1 young (4096K), 1 survivors (4096K)
 Metaspace       used 11218K, committed 11456K, reserved 1114112K
  class space    used 1281K, committed 1408K, reserved 1048576K
}
Event: 531.810 GC heap before
{Heap before GC invocations=4500 (full 0):
 garbage-first heap   total 933888K, used 558327K [0x0000000601400000, 0x0000000800000000)
  region size 4096K, 136 young (557056K), 1 survivors (4096K)
 Metaspace       used 11218K, committed 11456K, reserved 1114112K
  class space    used 1281K, committed 1408K, reserved 1048576K
}
Event: 531.811 GC heap after
{Heap after GC invocations=4501 (full 0):
 garbage-first heap   total 933888K, used 5365K [0x0000000601400000, 0x0000000800000000)
  region size 4096K, 1 young (4096K), 1 survivors (4096K)
 Metaspace       used 11218K, committed 11456K, reserved 1114112K
  class space    used 1281K, committed 1408K, reserved 1048576K
}
Event: 531.936 GC heap before
{Heap before GC invocations=4501 (full 0):
 garbage-first heap   total 933888K, used 558325K [0x0000000601400000, 0x0000000800000000)
  region size 4096K, 136 young (557056K), 1 survivors (4096K)
 Metaspace       used 11218K, committed 11456K, reserved 1114112K
  class space    used 1281K, committed 1408K, reserved 1048576K
}
Event: 531.936 GC heap after
{Heap after GC invocations=4502 (full 0):
 garbage-first heap   total 933888K, used 5367K [0x0000000601400000, 0x0000000800000000)
  region size 4096K, 1 young (4096K), 1 survivors (4096K)
 Metaspace       used 11218K, committed 11456K, reserved 1114112K
  class space    used 1281K, committed 1408K, reserved 1048576K
}
Event: 532.053 GC heap before
{Heap before GC invocations=4502 (full 0):
 garbage-first heap   total 933888K, used 558327K [0x0000000601400000, 0x0000000800000000)
  region size 4096K, 136 young (557056K), 1 survivors (4096K)
 Metaspace       used 11218K, committed 11456K, reserved 1114112K
  class space    used 1281K, committed 1408K, reserved 1048576K
}
Event: 532.053 GC heap after
{Heap after GC invocations=4503 (full 0):
 garbage-first heap   total 933888K, used 5367K [0x0000000601400000, 0x0000000800000000)
  region size 4096K, 1 young (4096K), 1 survivors (4096K)
 Metaspace       used 11218K, committed 11456K, reserved 1114112K
  class space    used 1281K, committed 1408K, reserved 1048576K
}
Event: 532.168 GC heap before
{Heap before GC invocations=4503 (full 0):
 garbage-first heap   total 933888K, used 558327K [0x0000000601400000, 0x0000000800000000)
  region size 4096K, 136 young (557056K), 1 survivors (4096K)
 Metaspace       used 11218K, committed 11456K, reserved 1114112K
  class space    used 1281K, committed 1408K, reserved 1048576K
}
Event: 532.169 GC heap after
{Heap after GC invocations=4504 (full 0):
 garbage-first heap   total 933888K, used 5365K [0x0000000601400000, 0x0000000800000000)
  region size 4096K, 1 young (4096K), 1 survivors (4096K)
 Metaspace       used 11218K, committed 11456K, reserved 1114112K
  class space    used 1281K, committed 1408K, reserved 1048576K
}
Event: 532.292 GC heap before
{Heap before GC invocations=4504 (full 0):
 garbage-first heap   total 933888K, used 558325K [0x0000000601400000, 0x0000000800000000)
  region size 4096K, 136 young (557056K), 1 survivors (4096K)
 Metaspace       used 11218K, committed 11456K, reserved 1114112K
  class space    used 1281K, committed 1408K, reserved 1048576K
}
Event: 532.293 GC heap after
{Heap after GC invocations=4505 (full 0):
 garbage-first heap   total 933888K, used 5367K [0x0000000601400000, 0x0000000800000000)
  region size 4096K, 1 young (4096K), 1 survivors (4096K)
 Metaspace       used 11218K, committed 11456K, reserved 1114112K
  class space    used 1281K, committed 1408K, reserved 1048576K
}
Event: 532.408 GC heap before
{Heap before GC invocations=4505 (full 0):
 garbage-first heap   total 933888K, used 558327K [0x0000000601400000, 0x0000000800000000)
  region size 4096K, 136 young (557056K), 1 survivors (4096K)
 Metaspace       used 11218K, committed 11456K, reserved 1114112K
  class space    used 1281K, committed 1408K, reserved 1048576K
}
Event: 532.409 GC heap after
{Heap after GC invocations=4506 (full 0):
 garbage-first heap   total 933888K, used 5365K [0x0000000601400000, 0x0000000800000000)
  region size 4096K, 1 young (4096K), 1 survivors (4096K)
 Metaspace       used 11218K, committed 11456K, reserved 1114112K
  class space    used 1281K, committed 1408K, reserved 1048576K
}
Event: 532.525 GC heap before
{Heap before GC invocations=4506 (full 0):
 garbage-first heap   total 933888K, used 558325K [0x0000000601400000, 0x0000000800000000)
  region size 4096K, 136 young (557056K), 1 survivors (4096K)
 Metaspace       used 11218K, committed 11456K, reserved 1114112K
  class space    used 1281K, committed 1408K, reserved 1048576K
}
Event: 532.525 GC heap after
{Heap after GC invocations=4507 (full 0):
 garbage-first heap   total 933888K, used 5367K [0x0000000601400000, 0x0000000800000000)
  region size 4096K, 1 young (4096K), 1 survivors (4096K)
 Metaspace       used 11218K, committed 11456K, reserved 1114112K
  class space    used 1281K, committed 1408K, reserved 1048576K
}
Event: 532.640 GC heap before
{Heap before GC invocations=4507 (full 0):
 garbage-first heap   total 933888K, used 558327K [0x0000000601400000, 0x0000000800000000)
  region size 4096K, 136 young (557056K), 1 survivors (4096K)
 Metaspace       used 11218K, committed 11456K, reserved 1114112K
  class space    used 1281K, committed 1408K, reserved 1048576K
}
Event: 532.640 GC heap after
{Heap after GC invocations=4508 (full 0):
 garbage-first heap   total 933888K, used 5365K [0x0000000601400000, 0x0000000800000000)
  region size 4096K, 1 young (4096K), 1 survivors (4096K)
 Metaspace       used 11218K, committed 11456K, reserved 1114112K
  class space    used 1281K, committed 1408K, reserved 1048576K
}
Event: 532.756 GC heap before
{Heap before GC invocations=4508 (full 0):
 garbage-first heap   total 933888K, used 558325K [0x0000000601400000, 0x0000000800000000)
  region size 4096K, 136 young (557056K), 1 survivors (4096K)
 Metaspace       used 11218K, committed 11456K, reserved 1114112K
  class space    used 1281K, committed 1408K, reserved 1048576K
}
Event: 532.756 GC heap after
{Heap after GC invocations=4509 (full 0):
 garbage-first heap   total 933888K, used 5365K [0x0000000601400000, 0x0000000800000000)
  region size 4096K, 1 young (4096K), 1 survivors (4096K)
 Metaspace       used 11218K, committed 11456K, reserved 1114112K
  class space    used 1281K, committed 1408K, reserved 1048576K
}

